The system is: Windows - 10.0.17763 - AMD64
Compiling the C compiler identification source file "CMakeCCompilerId.c" succeeded.
Compiler: C:/Program Files (x86)/Microsoft Visual Studio/2019/Community/VC/Tools/MSVC/14.27.29110/bin/Hostx64/x64/cl.exe 
Build flags: 
Id flags:  

The output was:
0
Microsoft (R) C/C++ 최적화 컴파일러 버전 19.27.29112(x64)
Copyright (c) Microsoft Corporation. All rights reserved.

CMakeCCompilerId.c
Microsoft (R) Incremental Linker Version 14.27.29112.0
Copyright (C) Microsoft Corporation.  All rights reserved.

/out:CMakeCCompilerId.exe 
CMakeCCompilerId.obj 


Compilation of the C compiler identification source "CMakeCCompilerId.c" produced "CMakeCCompilerId.exe"

Compilation of the C compiler identification source "CMakeCCompilerId.c" produced "CMakeCCompilerId.obj"

The C compiler identification is MSVC, found in "C:/Users/lee sung min/Desktop/cube_car/src/glm/out/build/x64-Debug(기본값)/CMakeFiles/3.17.20032601-MSVC_2/CompilerIdC/CMakeCCompilerId.exe"

Compiling the CXX compiler identification source file "CMakeCXXCompilerId.cpp" succeeded.
Compiler: C:/Program Files (x86)/Microsoft Visual Studio/2019/Community/VC/Tools/MSVC/14.27.29110/bin/Hostx64/x64/cl.exe 
Build flags: 
Id flags:  

The output was:
0
Microsoft (R) C/C++ 최적화 컴파일러 버전 19.27.29112(x64)
Copyright (c) Microsoft Corporation. All rights reserved.

CMakeCXXCompilerId.cpp
Microsoft (R) Incremental Linker Version 14.27.29112.0
Copyright (C) Microsoft Corporation.  All rights reserved.

/out:CMakeCXXCompilerId.exe 
CMakeCXXCompilerId.obj 


Compilation of the CXX compiler identification source "CMakeCXXCompilerId.cpp" produced "CMakeCXXCompilerId.exe"

Compilation of the CXX compiler identification source "CMakeCXXCompilerId.cpp" produced "CMakeCXXCompilerId.obj"

The CXX compiler identification is MSVC, found in "C:/Users/lee sung min/Desktop/cube_car/src/glm/out/build/x64-Debug(기본값)/CMakeFiles/3.17.20032601-MSVC_2/CompilerIdCXX/CMakeCXXCompilerId.exe"

Determining if the C compiler works passed with the following output:
Change Dir: C:/Users/lee sung min/Desktop/cube_car/src/glm/out/build/x64-Debug(기본값)/CMakeFiles/CMakeTmp

Run Build Command(s):C:/Program Files (x86)/Microsoft Visual Studio/2019/Community/Common7/IDE/CommonExtensions/Microsoft/CMake/Ninja/ninja.exe cmTC_31119 && [1/2] Building C object CMakeFiles\cmTC_31119.dir\testCCompiler.c.obj
[2/2] Linking C executable cmTC_31119.exe



Detecting C compiler ABI info compiled with the following output:
Change Dir: C:/Users/lee sung min/Desktop/cube_car/src/glm/out/build/x64-Debug(기본값)/CMakeFiles/CMakeTmp

Run Build Command(s):C:/Program Files (x86)/Microsoft Visual Studio/2019/Community/Common7/IDE/CommonExtensions/Microsoft/CMake/Ninja/ninja.exe cmTC_17af7 && [1/2] Building C object CMakeFiles\cmTC_17af7.dir\CMakeCCompilerABI.c.obj
[2/2] Linking C executable cmTC_17af7.exe



Determining if the CXX compiler works passed with the following output:
Change Dir: C:/Users/lee sung min/Desktop/cube_car/src/glm/out/build/x64-Debug(기본값)/CMakeFiles/CMakeTmp

Run Build Command(s):C:/Program Files (x86)/Microsoft Visual Studio/2019/Community/Common7/IDE/CommonExtensions/Microsoft/CMake/Ninja/ninja.exe cmTC_194e6 && [1/2] Building CXX object CMakeFiles\cmTC_194e6.dir\testCXXCompiler.cxx.obj
[2/2] Linking CXX executable cmTC_194e6.exe



Detecting CXX compiler ABI info compiled with the following output:
Change Dir: C:/Users/lee sung min/Desktop/cube_car/src/glm/out/build/x64-Debug(기본값)/CMakeFiles/CMakeTmp

Run Build Command(s):C:/Program Files (x86)/Microsoft Visual Studio/2019/Community/Common7/IDE/CommonExtensions/Microsoft/CMake/Ninja/ninja.exe cmTC_7225d && [1/2] Building CXX object CMakeFiles\cmTC_7225d.dir\CMakeCXXCompilerABI.cpp.obj
[2/2] Linking CXX executable cmTC_7225d.exe



